ExportedProject/ARCoreExp/build/outputs/logs/manifest-merger-debug-report.txt
-- Merging decision tree log ---
manifest
ADDED from src\main\AndroidManifest.xml:2:1-27:12
INJECTED from src\main\AndroidManifest.xml:2:1-27:12
INJECTED from src\main\AndroidManifest.xml:2:1-27:12
INJECTED from src\main\AndroidManifest.xml:2:1-27:12
INJECTED from src\main\AndroidManifest.xml:2:1-27:12
INJECTED from src\main\AndroidManifest.xml:2:1-27:12
INJECTED from src\main\AndroidManifest.xml:2:1-27:12
	package
		ADDED from src\main\AndroidManifest.xml:2:70-94
		INJECTED from src\main\AndroidManifest.xml
		INJECTED from src\main\AndroidManifest.xml
	android:versionName
		ADDED from src\main\AndroidManifest.xml:2:142-167
		INJECTED from src\main\AndroidManifest.xml
		INJECTED from src\main\AndroidManifest.xml
	xmlns:tools
		ADDED from src\main\AndroidManifest.xml:2:95-141
	xmlns:android
		ADDED from src\main\AndroidManifest.xml:2:11-69
	android:versionCode
		ADDED from src\main\AndroidManifest.xml:2:168-191
		INJECTED from src\main\AndroidManifest.xml
		INJECTED from src\main\AndroidManifest.xml
	android:installLocation
		ADDED from src\main\AndroidManifest.xml:2:192-222
supports-screens
ADDED from src\main\AndroidManifest.xml:3:3-163
	android:largeScreens
		ADDED from src\main\AndroidManifest.xml:3:78-105
	android:smallScreens
		ADDED from src\main\AndroidManifest.xml:3:21-48
	android:normalScreens
		ADDED from src\main\AndroidManifest.xml:3:49-77
	android:xlargeScreens
		ADDED from src\main\AndroidManifest.xml:3:106-134
	android:anyDensity
		ADDED from src\main\AndroidManifest.xml:3:135-160
application
ADDED from src\main\AndroidManifest.xml:4:3-19:17
	android:label
		ADDED from src\main\AndroidManifest.xml:4:92-124
	android:icon
		ADDED from src\main\AndroidManifest.xml:4:58-91
	android:banner
		ADDED from src\main\AndroidManifest.xml:4:147-184
	android:theme
		ADDED from src\main\AndroidManifest.xml:4:16-57
	android:isGame
		ADDED from src\main\AndroidManifest.xml:4:125-146
activity#com.ngs.arcore.UnityPlayerActivity
ADDED from src\main\AndroidManifest.xml:5:5-12:16
	android:screenOrientation
		ADDED from src\main\AndroidManifest.xml:5:48-86
	android:label
		ADDED from src\main\AndroidManifest.xml:5:15-47
	android:launchMode
		ADDED from src\main\AndroidManifest.xml:5:87-118
	android:configChanges
		ADDED from src\main\AndroidManifest.xml:5:119-300
	android:name
		ADDED from src\main\AndroidManifest.xml:5:301-350
meta-data#unityplayer.UnityActivity
ADDED from src\main\AndroidManifest.xml:11:7-82
	android:value
		ADDED from src\main\AndroidManifest.xml:11:59-79
	android:name
		ADDED from src\main\AndroidManifest.xml:11:18-58
meta-data#unityplayer.SkipPermissionsDialog
ADDED from src\main\AndroidManifest.xml:13:5-88
	android:value
		ADDED from src\main\AndroidManifest.xml:13:65-85
	android:name
		ADDED from src\main\AndroidManifest.xml:13:16-64
meta-data#unity.build-id
ADDED from src\main\AndroidManifest.xml:14:5-101
	android:value
		ADDED from src\main\AndroidManifest.xml:14:46-98
	android:name
		ADDED from src\main\AndroidManifest.xml:14:16-45
meta-data#unity.splash-mode
ADDED from src\main\AndroidManifest.xml:15:5-69
	android:value
		ADDED from src\main\AndroidManifest.xml:15:49-66
	android:name
		ADDED from src\main\AndroidManifest.xml:15:16-48
meta-data#unity.splash-enable
ADDED from src\main\AndroidManifest.xml:16:5-74
	android:value
		ADDED from src\main\AndroidManifest.xml:16:51-71
	android:name
		ADDED from src\main\AndroidManifest.xml:16:16-50
meta-data#android.max_aspect
ADDED from src\main\AndroidManifest.xml:17:5-72
	android:value
		ADDED from src\main\AndroidManifest.xml:17:50-69
	android:name
		ADDED from src\main\AndroidManifest.xml:17:16-49
meta-data#unity.tango-enable
ADDED from src\main\AndroidManifest.xml:18:5-73
	android:value
		ADDED from src\main\AndroidManifest.xml:18:50-70
	android:name
		ADDED from src\main\AndroidManifest.xml:18:16-49
uses-sdk
ADDED from src\main\AndroidManifest.xml:20:3-72
INJECTED from src\main\AndroidManifest.xml:20:3-72
INJECTED from src\main\AndroidManifest.xml:20:3-72
	android:targetSdkVersion
		ADDED from src\main\AndroidManifest.xml:20:40-69
		INJECTED from src\main\AndroidManifest.xml
		INJECTED from src\main\AndroidManifest.xml
	android:minSdkVersion
		ADDED from src\main\AndroidManifest.xml:20:13-39
uses-feature#0x00020000
ADDED from src\main\AndroidManifest.xml:21:3-52
	android:glEsVersion
		ADDED from src\main\AndroidManifest.xml:21:17-49
uses-permission#android.permission.CAMERA
ADDED from src\main\AndroidManifest.xml:22:3-63
	android:name
		ADDED from src\main\AndroidManifest.xml:22:20-60
uses-permission#android.permission.INTERNET
ADDED from src\main\AndroidManifest.xml:23:3-65
	android:name
		ADDED from src\main\AndroidManifest.xml:23:20-62
uses-feature#android.hardware.touchscreen
ADDED from src\main\AndroidManifest.xml:24:3-88
	android:required
		ADDED from src\main\AndroidManifest.xml:24:61-85
	android:name
		ADDED from src\main\AndroidManifest.xml:24:17-60
uses-feature#android.hardware.touchscreen.multitouch
ADDED from src\main\AndroidManifest.xml:25:3-99
	android:required
		ADDED from src\main\AndroidManifest.xml:25:72-96
	android:name
		ADDED from src\main\AndroidManifest.xml:25:17-71
uses-feature#android.hardware.touchscreen.multitouch.distinct
ADDED from src\main\AndroidManifest.xml:26:3-108
	android:required
		ADDED from src\main\AndroidManifest.xml:26:81-105
	android:name
		ADDED from src\main\AndroidManifest.xml:26:17-80